<?xml version="1.0" encoding="UTF-8"?>
<!-- Generated by org.testng.reporters.JUnitXMLReporter -->
<testsuite ignored="0" hostname="codespaces-9a0ae4" failures="0" tests="68" name="Command line test" time="140.261" errors="0" timestamp="12 Aug 2023 12:07:33 GMT">
  <testcase classname="org.TestRunFile.TestRunner" name="feature" time="4.415"/>
  <testcase classname="org.TestRunFile.TestRunner" name="feature" time="1.251"/>
  <testcase classname="org.TestRunFile.TestRunner" name="feature" time="1.252"/>
  <testcase classname="org.TestRunFile.TestRunner" name="feature" time="1.236"/>
  <testcase classname="org.TestRunFile.TestRunner" name="feature" time="2.05"/>
  <testcase classname="org.TestRunFile.TestRunner" name="feature" time="1.279"/>
  <testcase classname="org.TestRunFile.TestRunner" name="feature" time="3.725"/>
  <testcase classname="org.TestRunFile.TestRunner" name="feature" time="3.741"/>
  <testcase classname="org.TestRunFile.TestRunner" name="feature" time="3.632"/>
  <testcase classname="org.TestRunFile.TestRunner" name="feature" time="1.235"/>
  <testcase classname="org.TestRunFile.TestRunner" name="feature" time="1.211"/>
  <testcase classname="org.TestRunFile.TestRunner" name="feature" time="1.187"/>
  <testcase classname="org.TestRunFile.TestRunner" name="feature" time="1.2"/>
  <testcase classname="org.TestRunFile.TestRunner" name="feature" time="1.216"/>
  <testcase classname="org.TestRunFile.TestRunner" name="feature" time="3.926"/>
  <testcase classname="org.TestRunFile.TestRunner" name="feature" time="3.681"/>
  <testcase classname="org.TestRunFile.TestRunner" name="feature" time="3.695"/>
  <testcase classname="org.TestRunFile.TestRunner" name="feature" time="3.665"/>
  <testcase classname="org.TestRunFile.TestRunner" name="feature" time="3.645"/>
  <testcase classname="org.TestRunFile.TestRunner" name="feature" time="3.61"/>
  <testcase classname="org.TestRunFile.TestRunner" name="feature" time="2.372"/>
  <testcase classname="org.TestRunFile.TestRunner" name="feature" time="2.428"/>
  <testcase classname="org.TestRunFile.TestRunner" name="feature" time="2.415"/>
  <testcase classname="org.TestRunFile.TestRunner" name="feature" time="2.386"/>
  <testcase classname="org.TestRunFile.TestRunner" name="feature" time="2.382"/>
  <testcase classname="org.TestRunFile.TestRunner" name="feature" time="2.389"/>
  <testcase classname="org.TestRunFile.TestRunner" name="feature" time="2.388"/>
  <testcase classname="org.TestRunFile.TestRunner" name="feature" time="2.387"/>
  <testcase classname="org.TestRunFile.TestRunner" name="feature" time="2.39"/>
  <testcase classname="org.TestRunFile.TestRunner" name="feature" time="2.368"/>
  <testcase classname="org.TestRunFile.TestRunner" name="feature" time="2.371"/>
  <testcase classname="org.TestRunFile.TestRunner" name="feature" time="2.391"/>
  <testcase classname="org.TestRunFile.TestRunner" name="feature" time="2.394"/>
  <testcase classname="org.TestRunFile.TestRunner" name="feature" time="2.384"/>
  <testcase classname="org.TestRunFile.TestRunner" name="feature" time="2.396"/>
  <testcase classname="org.TestRunFile.TestRunner" name="feature" time="2.379"/>
  <testcase classname="org.TestRunFile.TestRunner" name="feature" time="1.182"/>
  <testcase classname="org.TestRunFile.TestRunner" name="feature" time="1.2"/>
  <testcase classname="org.TestRunFile.TestRunner" name="feature" time="1.177"/>
  <testcase classname="org.TestRunFile.TestRunner" name="feature" time="1.187"/>
  <testcase classname="org.TestRunFile.TestRunner" name="feature" time="1.182"/>
  <testcase classname="org.TestRunFile.TestRunner" name="feature" time="1.214"/>
  <testcase classname="org.TestRunFile.TestRunner" name="feature" time="1.176"/>
  <testcase classname="org.TestRunFile.TestRunner" name="feature" time="1.195"/>
  <testcase classname="org.TestRunFile.TestRunner" name="feature" time="1.197"/>
  <testcase classname="org.TestRunFile.TestRunner" name="feature" time="1.282"/>
  <testcase classname="org.TestRunFile.TestRunner" name="feature" time="1.227"/>
  <testcase classname="org.TestRunFile.TestRunner" name="feature" time="1.236"/>
  <testcase classname="org.TestRunFile.TestRunner" name="feature" time="1.194"/>
  <testcase classname="org.TestRunFile.TestRunner" name="feature" time="1.519"/>
  <testcase classname="org.TestRunFile.TestRunner" name="feature" time="1.231"/>
  <testcase classname="org.TestRunFile.TestRunner" name="feature" time="1.19"/>
  <testcase classname="org.TestRunFile.TestRunner" name="feature" time="1.201"/>
  <testcase classname="org.TestRunFile.TestRunner" name="feature" time="1.458"/>
  <testcase classname="org.TestRunFile.TestRunner" name="feature" time="1.215"/>
  <testcase classname="org.TestRunFile.TestRunner" name="feature" time="1.202"/>
  <testcase classname="org.TestRunFile.TestRunner" name="feature" time="1.189"/>
  <testcase classname="org.TestRunFile.TestRunner" name="feature" time="1.458"/>
  <testcase classname="org.TestRunFile.TestRunner" name="feature" time="1.227"/>
  <testcase classname="org.TestRunFile.TestRunner" name="feature" time="1.182"/>
  <testcase classname="org.TestRunFile.TestRunner" name="feature" time="2.889"/>
  <testcase classname="org.TestRunFile.TestRunner" name="feature" time="2.908"/>
  <testcase classname="org.TestRunFile.TestRunner" name="feature" time="2.965"/>
  <testcase classname="org.TestRunFile.TestRunner" name="feature" time="2.841"/>
  <testcase classname="org.TestRunFile.TestRunner" name="feature" time="1.496"/>
  <testcase classname="org.TestRunFile.TestRunner" name="feature" time="1.494"/>
  <testcase classname="org.TestRunFile.TestRunner" name="feature" time="1.487"/>
  <testcase classname="org.TestRunFile.TestRunner" name="feature" time="2.887"/>
</testsuite> <!-- Command line test -->
