<?xml version="1.0" encoding="UTF-8"?>
<!-- Generated by org.testng.reporters.JUnitXMLReporter -->
<testsuite hostname="DESKTOP-U37NK3A" ignored="0" name="Command line test" tests="68" failures="0" timestamp="22 Dec 2022 18:17:09 GMT" time="151.207" errors="0">
  <testcase name="feature" time="2.651" classname="org.TestRunFile.TestRunner"/>
  <testcase name="feature" time="1.298" classname="org.TestRunFile.TestRunner"/>
  <testcase name="feature" time="1.517" classname="org.TestRunFile.TestRunner"/>
  <testcase name="feature" time="1.316" classname="org.TestRunFile.TestRunner"/>
  <testcase name="feature" time="1.75" classname="org.TestRunFile.TestRunner"/>
  <testcase name="feature" time="1.312" classname="org.TestRunFile.TestRunner"/>
  <testcase name="feature" time="3.951" classname="org.TestRunFile.TestRunner"/>
  <testcase name="feature" time="4.375" classname="org.TestRunFile.TestRunner"/>
  <testcase name="feature" time="4.123" classname="org.TestRunFile.TestRunner"/>
  <testcase name="feature" time="1.579" classname="org.TestRunFile.TestRunner"/>
  <testcase name="feature" time="1.438" classname="org.TestRunFile.TestRunner"/>
  <testcase name="feature" time="1.315" classname="org.TestRunFile.TestRunner"/>
  <testcase name="feature" time="1.282" classname="org.TestRunFile.TestRunner"/>
  <testcase name="feature" time="1.314" classname="org.TestRunFile.TestRunner"/>
  <testcase name="feature" time="4.149" classname="org.TestRunFile.TestRunner"/>
  <testcase name="feature" time="3.828" classname="org.TestRunFile.TestRunner"/>
  <testcase name="feature" time="3.912" classname="org.TestRunFile.TestRunner"/>
  <testcase name="feature" time="4.183" classname="org.TestRunFile.TestRunner"/>
  <testcase name="feature" time="3.861" classname="org.TestRunFile.TestRunner"/>
  <testcase name="feature" time="4.027" classname="org.TestRunFile.TestRunner"/>
  <testcase name="feature" time="2.559" classname="org.TestRunFile.TestRunner"/>
  <testcase name="feature" time="2.781" classname="org.TestRunFile.TestRunner"/>
  <testcase name="feature" time="2.74" classname="org.TestRunFile.TestRunner"/>
  <testcase name="feature" time="2.782" classname="org.TestRunFile.TestRunner"/>
  <testcase name="feature" time="2.567" classname="org.TestRunFile.TestRunner"/>
  <testcase name="feature" time="2.649" classname="org.TestRunFile.TestRunner"/>
  <testcase name="feature" time="2.718" classname="org.TestRunFile.TestRunner"/>
  <testcase name="feature" time="2.627" classname="org.TestRunFile.TestRunner"/>
  <testcase name="feature" time="2.883" classname="org.TestRunFile.TestRunner"/>
  <testcase name="feature" time="2.894" classname="org.TestRunFile.TestRunner"/>
  <testcase name="feature" time="2.708" classname="org.TestRunFile.TestRunner"/>
  <testcase name="feature" time="2.772" classname="org.TestRunFile.TestRunner"/>
  <testcase name="feature" time="2.598" classname="org.TestRunFile.TestRunner"/>
  <testcase name="feature" time="2.846" classname="org.TestRunFile.TestRunner"/>
  <testcase name="feature" time="2.664" classname="org.TestRunFile.TestRunner"/>
  <testcase name="feature" time="2.771" classname="org.TestRunFile.TestRunner"/>
  <testcase name="feature" time="1.416" classname="org.TestRunFile.TestRunner"/>
  <testcase name="feature" time="1.408" classname="org.TestRunFile.TestRunner"/>
  <testcase name="feature" time="1.429" classname="org.TestRunFile.TestRunner"/>
  <testcase name="feature" time="1.266" classname="org.TestRunFile.TestRunner"/>
  <testcase name="feature" time="1.459" classname="org.TestRunFile.TestRunner"/>
  <testcase name="feature" time="1.344" classname="org.TestRunFile.TestRunner"/>
  <testcase name="feature" time="1.313" classname="org.TestRunFile.TestRunner"/>
  <testcase name="feature" time="1.299" classname="org.TestRunFile.TestRunner"/>
  <testcase name="feature" time="1.334" classname="org.TestRunFile.TestRunner"/>
  <testcase name="feature" time="1.379" classname="org.TestRunFile.TestRunner"/>
  <testcase name="feature" time="1.406" classname="org.TestRunFile.TestRunner"/>
  <testcase name="feature" time="1.293" classname="org.TestRunFile.TestRunner"/>
  <testcase name="feature" time="1.422" classname="org.TestRunFile.TestRunner"/>
  <testcase name="feature" time="1.548" classname="org.TestRunFile.TestRunner"/>
  <testcase name="feature" time="1.287" classname="org.TestRunFile.TestRunner"/>
  <testcase name="feature" time="1.363" classname="org.TestRunFile.TestRunner"/>
  <testcase name="feature" time="1.429" classname="org.TestRunFile.TestRunner"/>
  <testcase name="feature" time="1.719" classname="org.TestRunFile.TestRunner"/>
  <testcase name="feature" time="1.363" classname="org.TestRunFile.TestRunner"/>
  <testcase name="feature" time="1.36" classname="org.TestRunFile.TestRunner"/>
  <testcase name="feature" time="1.408" classname="org.TestRunFile.TestRunner"/>
  <testcase name="feature" time="1.528" classname="org.TestRunFile.TestRunner"/>
  <testcase name="feature" time="1.386" classname="org.TestRunFile.TestRunner"/>
  <testcase name="feature" time="1.454" classname="org.TestRunFile.TestRunner"/>
  <testcase name="feature" time="3.029" classname="org.TestRunFile.TestRunner"/>
  <testcase name="feature" time="3.13" classname="org.TestRunFile.TestRunner"/>
  <testcase name="feature" time="2.872" classname="org.TestRunFile.TestRunner"/>
  <testcase name="feature" time="3.125" classname="org.TestRunFile.TestRunner"/>
  <testcase name="feature" time="1.559" classname="org.TestRunFile.TestRunner"/>
  <testcase name="feature" time="1.568" classname="org.TestRunFile.TestRunner"/>
  <testcase name="feature" time="1.63" classname="org.TestRunFile.TestRunner"/>
  <testcase name="feature" time="2.955" classname="org.TestRunFile.TestRunner"/>
</testsuite> <!-- Command line test -->
