<?xml version="1.0" encoding="UTF-8"?>
<testsuite name="org.TestRunFile.TestRunner" time="137.756" tests="68" errors="0" skipped="0" failures="0">
  <properties>
[...]
</properties>
  <testcase name="feature" classname="org.TestRunFile.TestRunner" time="4.415"/>
  <testcase name="feature" classname="org.TestRunFile.TestRunner" time="1.251"/>
  <testcase name="feature" classname="org.TestRunFile.TestRunner" time="1.25"/>
  <testcase name="feature" classname="org.TestRunFile.TestRunner" time="1.237"/>
  <testcase name="feature" classname="org.TestRunFile.TestRunner" time="2.049"/>
  <testcase name="feature" classname="org.TestRunFile.TestRunner" time="1.279"/>
  <testcase name="feature" classname="org.TestRunFile.TestRunner" time="3.724"/>
  <testcase name="feature" classname="org.TestRunFile.TestRunner" time="3.741"/>
  <testcase name="feature" classname="org.TestRunFile.TestRunner" time="3.632"/>
  <testcase name="feature" classname="org.TestRunFile.TestRunner" time="1.235"/>
  <testcase name="feature" classname="org.TestRunFile.TestRunner" time="1.211"/>
  <testcase name="feature" classname="org.TestRunFile.TestRunner" time="1.186"/>
  <testcase name="feature" classname="org.TestRunFile.TestRunner" time="1.199"/>
  <testcase name="feature" classname="org.TestRunFile.TestRunner" time="1.22"/>
  <testcase name="feature" classname="org.TestRunFile.TestRunner" time="3.923"/>
  <testcase name="feature" classname="org.TestRunFile.TestRunner" time="3.681"/>
  <testcase name="feature" classname="org.TestRunFile.TestRunner" time="3.696"/>
  <testcase name="feature" classname="org.TestRunFile.TestRunner" time="3.666"/>
  <testcase name="feature" classname="org.TestRunFile.TestRunner" time="3.645"/>
  <testcase name="feature" classname="org.TestRunFile.TestRunner" time="3.61"/>
  <testcase name="feature" classname="org.TestRunFile.TestRunner" time="2.372"/>
  <testcase name="feature" classname="org.TestRunFile.TestRunner" time="2.428"/>
  <testcase name="feature" classname="org.TestRunFile.TestRunner" time="2.414"/>
  <testcase name="feature" classname="org.TestRunFile.TestRunner" time="2.387"/>
  <testcase name="feature" classname="org.TestRunFile.TestRunner" time="2.382"/>
  <testcase name="feature" classname="org.TestRunFile.TestRunner" time="2.389"/>
  <testcase name="feature" classname="org.TestRunFile.TestRunner" time="2.389"/>
  <testcase name="feature" classname="org.TestRunFile.TestRunner" time="2.387"/>
  <testcase name="feature" classname="org.TestRunFile.TestRunner" time="2.39"/>
  <testcase name="feature" classname="org.TestRunFile.TestRunner" time="2.368"/>
  <testcase name="feature" classname="org.TestRunFile.TestRunner" time="2.371"/>
  <testcase name="feature" classname="org.TestRunFile.TestRunner" time="2.393"/>
  <testcase name="feature" classname="org.TestRunFile.TestRunner" time="2.393"/>
  <testcase name="feature" classname="org.TestRunFile.TestRunner" time="2.384"/>
  <testcase name="feature" classname="org.TestRunFile.TestRunner" time="2.396"/>
  <testcase name="feature" classname="org.TestRunFile.TestRunner" time="2.381"/>
  <testcase name="feature" classname="org.TestRunFile.TestRunner" time="1.183"/>
  <testcase name="feature" classname="org.TestRunFile.TestRunner" time="1.197"/>
  <testcase name="feature" classname="org.TestRunFile.TestRunner" time="1.176"/>
  <testcase name="feature" classname="org.TestRunFile.TestRunner" time="1.189"/>
  <testcase name="feature" classname="org.TestRunFile.TestRunner" time="1.179"/>
  <testcase name="feature" classname="org.TestRunFile.TestRunner" time="1.215"/>
  <testcase name="feature" classname="org.TestRunFile.TestRunner" time="1.177"/>
  <testcase name="feature" classname="org.TestRunFile.TestRunner" time="1.195"/>
  <testcase name="feature" classname="org.TestRunFile.TestRunner" time="1.197"/>
  <testcase name="feature" classname="org.TestRunFile.TestRunner" time="1.283"/>
  <testcase name="feature" classname="org.TestRunFile.TestRunner" time="1.227"/>
  <testcase name="feature" classname="org.TestRunFile.TestRunner" time="1.236"/>
  <testcase name="feature" classname="org.TestRunFile.TestRunner" time="1.193"/>
  <testcase name="feature" classname="org.TestRunFile.TestRunner" time="1.628"/>
  <testcase name="feature" classname="org.TestRunFile.TestRunner" time="1.125"/>
  <testcase name="feature" classname="org.TestRunFile.TestRunner" time="1.186"/>
  <testcase name="feature" classname="org.TestRunFile.TestRunner" time="1.201"/>
  <testcase name="feature" classname="org.TestRunFile.TestRunner" time="1.591"/>
  <testcase name="feature" classname="org.TestRunFile.TestRunner" time="1.082"/>
  <testcase name="feature" classname="org.TestRunFile.TestRunner" time="1.203"/>
  <testcase name="feature" classname="org.TestRunFile.TestRunner" time="1.19"/>
  <testcase name="feature" classname="org.TestRunFile.TestRunner" time="1.599"/>
  <testcase name="feature" classname="org.TestRunFile.TestRunner" time="1.077"/>
  <testcase name="feature" classname="org.TestRunFile.TestRunner" time="1.181"/>
  <testcase name="feature" classname="org.TestRunFile.TestRunner" time="2.889"/>
  <testcase name="feature" classname="org.TestRunFile.TestRunner" time="2.908"/>
  <testcase name="feature" classname="org.TestRunFile.TestRunner" time="2.966"/>
  <testcase name="feature" classname="org.TestRunFile.TestRunner" time="2.842"/>
  <testcase name="feature" classname="org.TestRunFile.TestRunner" time="1.627"/>
  <testcase name="feature" classname="org.TestRunFile.TestRunner" time="1.46"/>
  <testcase name="feature" classname="org.TestRunFile.TestRunner" time="1.543"/>
  <testcase name="feature" classname="org.TestRunFile.TestRunner" time="2.737"/>
</testsuite>