<?xml version="1.0" encoding="UTF-8"?>
<testsuite name="org.TestRunFile.TestRunner" time="150.377" tests="68" errors="0" skipped="0" failures="0">
  <properties>
[...]
</properties>
  <testcase name="feature" classname="org.TestRunFile.TestRunner" time="2.651"/>
  <testcase name="feature" classname="org.TestRunFile.TestRunner" time="1.298"/>
  <testcase name="feature" classname="org.TestRunFile.TestRunner" time="1.517"/>
  <testcase name="feature" classname="org.TestRunFile.TestRunner" time="1.316"/>
  <testcase name="feature" classname="org.TestRunFile.TestRunner" time="1.75"/>
  <testcase name="feature" classname="org.TestRunFile.TestRunner" time="1.312"/>
  <testcase name="feature" classname="org.TestRunFile.TestRunner" time="3.966"/>
  <testcase name="feature" classname="org.TestRunFile.TestRunner" time="4.375"/>
  <testcase name="feature" classname="org.TestRunFile.TestRunner" time="4.123"/>
  <testcase name="feature" classname="org.TestRunFile.TestRunner" time="1.579"/>
  <testcase name="feature" classname="org.TestRunFile.TestRunner" time="1.438"/>
  <testcase name="feature" classname="org.TestRunFile.TestRunner" time="1.315"/>
  <testcase name="feature" classname="org.TestRunFile.TestRunner" time="1.282"/>
  <testcase name="feature" classname="org.TestRunFile.TestRunner" time="1.314"/>
  <testcase name="feature" classname="org.TestRunFile.TestRunner" time="4.149"/>
  <testcase name="feature" classname="org.TestRunFile.TestRunner" time="3.828"/>
  <testcase name="feature" classname="org.TestRunFile.TestRunner" time="3.912"/>
  <testcase name="feature" classname="org.TestRunFile.TestRunner" time="4.183"/>
  <testcase name="feature" classname="org.TestRunFile.TestRunner" time="3.876"/>
  <testcase name="feature" classname="org.TestRunFile.TestRunner" time="4.028"/>
  <testcase name="feature" classname="org.TestRunFile.TestRunner" time="2.543"/>
  <testcase name="feature" classname="org.TestRunFile.TestRunner" time="2.798"/>
  <testcase name="feature" classname="org.TestRunFile.TestRunner" time="2.723"/>
  <testcase name="feature" classname="org.TestRunFile.TestRunner" time="2.782"/>
  <testcase name="feature" classname="org.TestRunFile.TestRunner" time="2.567"/>
  <testcase name="feature" classname="org.TestRunFile.TestRunner" time="2.649"/>
  <testcase name="feature" classname="org.TestRunFile.TestRunner" time="2.718"/>
  <testcase name="feature" classname="org.TestRunFile.TestRunner" time="2.627"/>
  <testcase name="feature" classname="org.TestRunFile.TestRunner" time="2.883"/>
  <testcase name="feature" classname="org.TestRunFile.TestRunner" time="2.894"/>
  <testcase name="feature" classname="org.TestRunFile.TestRunner" time="2.708"/>
  <testcase name="feature" classname="org.TestRunFile.TestRunner" time="2.772"/>
  <testcase name="feature" classname="org.TestRunFile.TestRunner" time="2.598"/>
  <testcase name="feature" classname="org.TestRunFile.TestRunner" time="2.862"/>
  <testcase name="feature" classname="org.TestRunFile.TestRunner" time="2.68"/>
  <testcase name="feature" classname="org.TestRunFile.TestRunner" time="2.771"/>
  <testcase name="feature" classname="org.TestRunFile.TestRunner" time="1.4"/>
  <testcase name="feature" classname="org.TestRunFile.TestRunner" time="1.408"/>
  <testcase name="feature" classname="org.TestRunFile.TestRunner" time="1.429"/>
  <testcase name="feature" classname="org.TestRunFile.TestRunner" time="1.266"/>
  <testcase name="feature" classname="org.TestRunFile.TestRunner" time="1.475"/>
  <testcase name="feature" classname="org.TestRunFile.TestRunner" time="1.328"/>
  <testcase name="feature" classname="org.TestRunFile.TestRunner" time="1.313"/>
  <testcase name="feature" classname="org.TestRunFile.TestRunner" time="1.299"/>
  <testcase name="feature" classname="org.TestRunFile.TestRunner" time="1.334"/>
  <testcase name="feature" classname="org.TestRunFile.TestRunner" time="1.379"/>
  <testcase name="feature" classname="org.TestRunFile.TestRunner" time="1.406"/>
  <testcase name="feature" classname="org.TestRunFile.TestRunner" time="1.293"/>
  <testcase name="feature" classname="org.TestRunFile.TestRunner" time="1.422"/>
  <testcase name="feature" classname="org.TestRunFile.TestRunner" time="1.99"/>
  <testcase name="feature" classname="org.TestRunFile.TestRunner" time="0.845"/>
  <testcase name="feature" classname="org.TestRunFile.TestRunner" time="1.363"/>
  <testcase name="feature" classname="org.TestRunFile.TestRunner" time="1.429"/>
  <testcase name="feature" classname="org.TestRunFile.TestRunner" time="2.035"/>
  <testcase name="feature" classname="org.TestRunFile.TestRunner" time="1.047"/>
  <testcase name="feature" classname="org.TestRunFile.TestRunner" time="1.36"/>
  <testcase name="feature" classname="org.TestRunFile.TestRunner" time="1.408"/>
  <testcase name="feature" classname="org.TestRunFile.TestRunner" time="1.835"/>
  <testcase name="feature" classname="org.TestRunFile.TestRunner" time="1.079"/>
  <testcase name="feature" classname="org.TestRunFile.TestRunner" time="1.454"/>
  <testcase name="feature" classname="org.TestRunFile.TestRunner" time="3.123"/>
  <testcase name="feature" classname="org.TestRunFile.TestRunner" time="3.13"/>
  <testcase name="feature" classname="org.TestRunFile.TestRunner" time="2.871"/>
  <testcase name="feature" classname="org.TestRunFile.TestRunner" time="3.142"/>
  <testcase name="feature" classname="org.TestRunFile.TestRunner" time="1.845"/>
  <testcase name="feature" classname="org.TestRunFile.TestRunner" time="1.5"/>
  <testcase name="feature" classname="org.TestRunFile.TestRunner" time="1.647"/>
  <testcase name="feature" classname="org.TestRunFile.TestRunner" time="2.735"/>
</testsuite>