<?xml version="1.0" encoding="UTF-8"?>
<testng-results ignored="0" total="68" passed="68" failed="0" skipped="0">
  <reporter-output>
  </reporter-output>
  <suite started-at="2023-08-12T12:05:13Z" name="org.TestRunFile.TestRunner" finished-at="2023-08-12T12:07:33Z" duration-ms="140261">
    <groups>
      <group name="cucumber">
        <method signature="TestRunner.feature(io.cucumber.testng.PickleWrapper, io.cucumber.testng.FeatureWrapper)[pri:0, instance:org.TestRunFile.TestRunner@a74868d]" name="feature" class="org.TestRunFile.TestRunner"/>
      </group> <!-- cucumber -->
    </groups>
    <test started-at="2023-08-12T12:05:13Z" name="Command line test" finished-at="2023-08-12T12:07:33Z" duration-ms="140261">
      <class name="org.TestRunFile.TestRunner">
        <test-method is-config="true" signature="setUpClass()[pri:0, instance:org.TestRunFile.TestRunner@a74868d]" started-at="2023-08-12T12:05:13Z" name="setUpClass" finished-at="2023-08-12T12:05:15Z" duration-ms="1789" status="PASS">
          <reporter-output>
          </reporter-output>
        </test-method> <!-- setUpClass -->
        <test-method signature="feature(io.cucumber.testng.PickleWrapper, io.cucumber.testng.FeatureWrapper)[pri:0, instance:org.TestRunFile.TestRunner@a74868d]" started-at="2023-08-12T12:05:15Z" name="feature" description="Runs cucumber feature" data-provider="features" finished-at="2023-08-12T12:05:19Z" duration-ms="4415" status="PASS">
          <params>
            <param index="0">
              <value>
                <![CDATA["Validate the status code of the POST call while creating booking ID response"]]>
              </value>
            </param>
            <param index="1">
              <value>
                <![CDATA["Validate various scenarios for the POST call while creating booking ID of the Restful Booker API"]]>
              </value>
            </param>
          </params>
          <reporter-output>
          </reporter-output>
        </test-method> <!-- feature -->
        <test-method signature="feature(io.cucumber.testng.PickleWrapper, io.cucumber.testng.FeatureWrapper)[pri:0, instance:org.TestRunFile.TestRunner@a74868d]" started-at="2023-08-12T12:05:19Z" name="feature" description="Runs cucumber feature" data-provider="features" finished-at="2023-08-12T12:05:20Z" duration-ms="1251" status="PASS">
          <params>
            <param index="0">
              <value>
                <![CDATA["Validate the status line message of the POST call while creating booking ID response"]]>
              </value>
            </param>
            <param index="1">
              <value>
                <![CDATA["Validate various scenarios for the POST call while creating booking ID of the Restful Booker API"]]>
              </value>
            </param>
          </params>
          <reporter-output>
          </reporter-output>
        </test-method> <!-- feature -->
        <test-method signature="feature(io.cucumber.testng.PickleWrapper, io.cucumber.testng.FeatureWrapper)[pri:0, instance:org.TestRunFile.TestRunner@a74868d]" started-at="2023-08-12T12:05:20Z" name="feature" description="Runs cucumber feature" data-provider="features" finished-at="2023-08-12T12:05:22Z" duration-ms="1252" status="PASS">
          <params>
            <param index="0">
              <value>
                <![CDATA["Validate the time taken for POST call while creating booking ID response"]]>
              </value>
            </param>
            <param index="1">
              <value>
                <![CDATA["Validate various scenarios for the POST call while creating booking ID of the Restful Booker API"]]>
              </value>
            </param>
          </params>
          <reporter-output>
          </reporter-output>
        </test-method> <!-- feature -->
        <test-method signature="feature(io.cucumber.testng.PickleWrapper, io.cucumber.testng.FeatureWrapper)[pri:0, instance:org.TestRunFile.TestRunner@a74868d]" started-at="2023-08-12T12:05:22Z" name="feature" description="Runs cucumber feature" data-provider="features" finished-at="2023-08-12T12:05:23Z" duration-ms="1236" status="PASS">
          <params>
            <param index="0">
              <value>
                <![CDATA["Validate the content type of the POST call while creating booking ID response"]]>
              </value>
            </param>
            <param index="1">
              <value>
                <![CDATA["Validate various scenarios for the POST call while creating booking ID of the Restful Booker API"]]>
              </value>
            </param>
          </params>
          <reporter-output>
          </reporter-output>
        </test-method> <!-- feature -->
        <test-method signature="feature(io.cucumber.testng.PickleWrapper, io.cucumber.testng.FeatureWrapper)[pri:0, instance:org.TestRunFile.TestRunner@a74868d]" started-at="2023-08-12T12:05:23Z" name="feature" description="Runs cucumber feature" data-provider="features" finished-at="2023-08-12T12:05:25Z" duration-ms="2050" status="PASS">
          <params>
            <param index="0">
              <value>
                <![CDATA["Validate the BookingID of from response body of the POST call while creating booking ID response"]]>
              </value>
            </param>
            <param index="1">
              <value>
                <![CDATA["Validate various scenarios for the POST call while creating booking ID of the Restful Booker API"]]>
              </value>
            </param>
          </params>
          <reporter-output>
          </reporter-output>
        </test-method> <!-- feature -->
        <test-method signature="feature(io.cucumber.testng.PickleWrapper, io.cucumber.testng.FeatureWrapper)[pri:0, instance:org.TestRunFile.TestRunner@a74868d]" started-at="2023-08-12T12:05:25Z" name="feature" description="Runs cucumber feature" data-provider="features" finished-at="2023-08-12T12:05:26Z" duration-ms="1279" status="PASS">
          <params>
            <param index="0">
              <value>
                <![CDATA["Validate the checkIn and checkOut times from response body of the POST call while creating booking ID response"]]>
              </value>
            </param>
            <param index="1">
              <value>
                <![CDATA["Validate various scenarios for the POST call while creating booking ID of the Restful Booker API"]]>
              </value>
            </param>
          </params>
          <reporter-output>
          </reporter-output>
        </test-method> <!-- feature -->
        <test-method signature="feature(io.cucumber.testng.PickleWrapper, io.cucumber.testng.FeatureWrapper)[pri:0, instance:org.TestRunFile.TestRunner@a74868d]" started-at="2023-08-12T12:05:26Z" name="feature" description="Runs cucumber feature" data-provider="features" finished-at="2023-08-12T12:05:30Z" duration-ms="3725" status="PASS">
          <params>
            <param index="0">
              <value>
                <![CDATA["Validate the response code of the response post DELETE method call"]]>
              </value>
            </param>
            <param index="1">
              <value>
                <![CDATA["Validate various scenarios for the Delete call while removing booking info of the Restful Booker API"]]>
              </value>
            </param>
          </params>
          <reporter-output>
          </reporter-output>
        </test-method> <!-- feature -->
        <test-method signature="feature(io.cucumber.testng.PickleWrapper, io.cucumber.testng.FeatureWrapper)[pri:0, instance:org.TestRunFile.TestRunner@a74868d]" started-at="2023-08-12T12:05:30Z" name="feature" description="Runs cucumber feature" data-provider="features" finished-at="2023-08-12T12:05:34Z" duration-ms="3741" status="PASS">
          <params>
            <param index="0">
              <value>
                <![CDATA["Validate the response status of the response post DELETE method call"]]>
              </value>
            </param>
            <param index="1">
              <value>
                <![CDATA["Validate various scenarios for the Delete call while removing booking info of the Restful Booker API"]]>
              </value>
            </param>
          </params>
          <reporter-output>
          </reporter-output>
        </test-method> <!-- feature -->
        <test-method signature="feature(io.cucumber.testng.PickleWrapper, io.cucumber.testng.FeatureWrapper)[pri:0, instance:org.TestRunFile.TestRunner@a74868d]" started-at="2023-08-12T12:05:34Z" name="feature" description="Runs cucumber feature" data-provider="features" finished-at="2023-08-12T12:05:37Z" duration-ms="3632" status="PASS">
          <params>
            <param index="0">
              <value>
                <![CDATA["Validate the response time of the response post DELETE method call"]]>
              </value>
            </param>
            <param index="1">
              <value>
                <![CDATA["Validate various scenarios for the Delete call while removing booking info of the Restful Booker API"]]>
              </value>
            </param>
          </params>
          <reporter-output>
          </reporter-output>
        </test-method> <!-- feature -->
        <test-method signature="feature(io.cucumber.testng.PickleWrapper, io.cucumber.testng.FeatureWrapper)[pri:0, instance:org.TestRunFile.TestRunner@a74868d]" started-at="2023-08-12T12:05:37Z" name="feature" description="Runs cucumber feature" data-provider="features" finished-at="2023-08-12T12:05:38Z" duration-ms="1235" status="PASS">
          <params>
            <param index="0">
              <value>
                <![CDATA["Validate the status code of the response"]]>
              </value>
            </param>
            <param index="1">
              <value>
                <![CDATA["Validate various scenarios for the Health check of the Restful Booker API"]]>
              </value>
            </param>
          </params>
          <reporter-output>
          </reporter-output>
        </test-method> <!-- feature -->
        <test-method signature="feature(io.cucumber.testng.PickleWrapper, io.cucumber.testng.FeatureWrapper)[pri:0, instance:org.TestRunFile.TestRunner@a74868d]" started-at="2023-08-12T12:05:38Z" name="feature" description="Runs cucumber feature" data-provider="features" finished-at="2023-08-12T12:05:40Z" duration-ms="1211" status="PASS">
          <params>
            <param index="0">
              <value>
                <![CDATA["Validate the status line message of the response"]]>
              </value>
            </param>
            <param index="1">
              <value>
                <![CDATA["Validate various scenarios for the Health check of the Restful Booker API"]]>
              </value>
            </param>
          </params>
          <reporter-output>
          </reporter-output>
        </test-method> <!-- feature -->
        <test-method signature="feature(io.cucumber.testng.PickleWrapper, io.cucumber.testng.FeatureWrapper)[pri:0, instance:org.TestRunFile.TestRunner@a74868d]" started-at="2023-08-12T12:05:40Z" name="feature" description="Runs cucumber feature" data-provider="features" finished-at="2023-08-12T12:05:41Z" duration-ms="1187" status="PASS">
          <params>
            <param index="0">
              <value>
                <![CDATA["Validate the time taken for response"]]>
              </value>
            </param>
            <param index="1">
              <value>
                <![CDATA["Validate various scenarios for the Health check of the Restful Booker API"]]>
              </value>
            </param>
          </params>
          <reporter-output>
          </reporter-output>
        </test-method> <!-- feature -->
        <test-method signature="feature(io.cucumber.testng.PickleWrapper, io.cucumber.testng.FeatureWrapper)[pri:0, instance:org.TestRunFile.TestRunner@a74868d]" started-at="2023-08-12T12:05:41Z" name="feature" description="Runs cucumber feature" data-provider="features" finished-at="2023-08-12T12:05:42Z" duration-ms="1200" status="PASS">
          <params>
            <param index="0">
              <value>
                <![CDATA["Validate the content type of the response"]]>
              </value>
            </param>
            <param index="1">
              <value>
                <![CDATA["Validate various scenarios for the Health check of the Restful Booker API"]]>
              </value>
            </param>
          </params>
          <reporter-output>
          </reporter-output>
        </test-method> <!-- feature -->
        <test-method signature="feature(io.cucumber.testng.PickleWrapper, io.cucumber.testng.FeatureWrapper)[pri:0, instance:org.TestRunFile.TestRunner@a74868d]" started-at="2023-08-12T12:05:42Z" name="feature" description="Runs cucumber feature" data-provider="features" finished-at="2023-08-12T12:05:43Z" duration-ms="1216" status="PASS">
          <params>
            <param index="0">
              <value>
                <![CDATA["Validate the response body of the response"]]>
              </value>
            </param>
            <param index="1">
              <value>
                <![CDATA["Validate various scenarios for the Health check of the Restful Booker API"]]>
              </value>
            </param>
          </params>
          <reporter-output>
          </reporter-output>
        </test-method> <!-- feature -->
        <test-method signature="feature(io.cucumber.testng.PickleWrapper, io.cucumber.testng.FeatureWrapper)[pri:0, instance:org.TestRunFile.TestRunner@a74868d]" started-at="2023-08-12T12:05:43Z" name="feature" description="Runs cucumber feature" data-provider="features" finished-at="2023-08-12T12:05:47Z" duration-ms="3926" status="PASS">
          <params>
            <param index="0">
              <value>
                <![CDATA["Validate the response parameters of the response post PATCH method call based on modified names while retrieving booking ID response"]]>
              </value>
            </param>
            <param index="1">
              <value>
                <![CDATA["Validate various scenarios for the PATCH call while modifying existing booking info of the Restful Booker API"]]>
              </value>
            </param>
          </params>
          <reporter-output>
          </reporter-output>
        </test-method> <!-- feature -->
        <test-method signature="feature(io.cucumber.testng.PickleWrapper, io.cucumber.testng.FeatureWrapper)[pri:0, instance:org.TestRunFile.TestRunner@a74868d]" started-at="2023-08-12T12:05:47Z" name="feature" description="Runs cucumber feature" data-provider="features" finished-at="2023-08-12T12:05:51Z" duration-ms="3681" status="PASS">
          <params>
            <param index="0">
              <value>
                <![CDATA["Validate the response parameters of the response post PATCH method call based on modified names while retrieving booking ID response"]]>
              </value>
            </param>
            <param index="1">
              <value>
                <![CDATA["Validate various scenarios for the PATCH call while modifying existing booking info of the Restful Booker API"]]>
              </value>
            </param>
          </params>
          <reporter-output>
          </reporter-output>
        </test-method> <!-- feature -->
        <test-method signature="feature(io.cucumber.testng.PickleWrapper, io.cucumber.testng.FeatureWrapper)[pri:0, instance:org.TestRunFile.TestRunner@a74868d]" started-at="2023-08-12T12:05:51Z" name="feature" description="Runs cucumber feature" data-provider="features" finished-at="2023-08-12T12:05:55Z" duration-ms="3695" status="PASS">
          <params>
            <param index="0">
              <value>
                <![CDATA["Validate the response parameters of the response post PATCH method call based on modified dates while retrieving booking ID response"]]>
              </value>
            </param>
            <param index="1">
              <value>
                <![CDATA["Validate various scenarios for the PATCH call while modifying existing booking info of the Restful Booker API"]]>
              </value>
            </param>
          </params>
          <reporter-output>
          </reporter-output>
        </test-method> <!-- feature -->
        <test-method signature="feature(io.cucumber.testng.PickleWrapper, io.cucumber.testng.FeatureWrapper)[pri:0, instance:org.TestRunFile.TestRunner@a74868d]" started-at="2023-08-12T12:05:55Z" name="feature" description="Runs cucumber feature" data-provider="features" finished-at="2023-08-12T12:05:58Z" duration-ms="3665" status="PASS">
          <params>
            <param index="0">
              <value>
                <![CDATA["Validate the response parameters of the response post PATCH method call based on modified dates while retrieving booking ID response"]]>
              </value>
            </param>
            <param index="1">
              <value>
                <![CDATA["Validate various scenarios for the PATCH call while modifying existing booking info of the Restful Booker API"]]>
              </value>
            </param>
          </params>
          <reporter-output>
          </reporter-output>
        </test-method> <!-- feature -->
        <test-method signature="feature(io.cucumber.testng.PickleWrapper, io.cucumber.testng.FeatureWrapper)[pri:0, instance:org.TestRunFile.TestRunner@a74868d]" started-at="2023-08-12T12:05:58Z" name="feature" description="Runs cucumber feature" data-provider="features" finished-at="2023-08-12T12:06:02Z" duration-ms="3645" status="PASS">
          <params>
            <param index="0">
              <value>
                <![CDATA["Validate the response parameters of the response post PATCH method call based on modified totalPrice, dates and additionalNeeds while retrieving booking ID response"]]>
              </value>
            </param>
            <param index="1">
              <value>
                <![CDATA["Validate various scenarios for the PATCH call while modifying existing booking info of the Restful Booker API"]]>
              </value>
            </param>
          </params>
          <reporter-output>
          </reporter-output>
        </test-method> <!-- feature -->
        <test-method signature="feature(io.cucumber.testng.PickleWrapper, io.cucumber.testng.FeatureWrapper)[pri:0, instance:org.TestRunFile.TestRunner@a74868d]" started-at="2023-08-12T12:06:02Z" name="feature" description="Runs cucumber feature" data-provider="features" finished-at="2023-08-12T12:06:05Z" duration-ms="3610" status="PASS">
          <params>
            <param index="0">
              <value>
                <![CDATA["Validate the response parameters of the response post PATCH method call based on modified totalPrice, dates and additionalNeeds while retrieving booking ID response"]]>
              </value>
            </param>
            <param index="1">
              <value>
                <![CDATA["Validate various scenarios for the PATCH call while modifying existing booking info of the Restful Booker API"]]>
              </value>
            </param>
          </params>
          <reporter-output>
          </reporter-output>
        </test-method> <!-- feature -->
        <test-method signature="feature(io.cucumber.testng.PickleWrapper, io.cucumber.testng.FeatureWrapper)[pri:0, instance:org.TestRunFile.TestRunner@a74868d]" started-at="2023-08-12T12:06:05Z" name="feature" description="Runs cucumber feature" data-provider="features" finished-at="2023-08-12T12:06:08Z" duration-ms="2372" status="PASS">
          <params>
            <param index="0">
              <value>
                <![CDATA["Validate the status code of the GET and PUT calls while retrieving booking ID response"]]>
              </value>
            </param>
            <param index="1">
              <value>
                <![CDATA["Validate various scenarios for the PUT call while modifying existing booking info of the Restful Booker API"]]>
              </value>
            </param>
          </params>
          <reporter-output>
          </reporter-output>
        </test-method> <!-- feature -->
        <test-method signature="feature(io.cucumber.testng.PickleWrapper, io.cucumber.testng.FeatureWrapper)[pri:0, instance:org.TestRunFile.TestRunner@a74868d]" started-at="2023-08-12T12:06:08Z" name="feature" description="Runs cucumber feature" data-provider="features" finished-at="2023-08-12T12:06:10Z" duration-ms="2428" status="PASS">
          <params>
            <param index="0">
              <value>
                <![CDATA["Validate the status code of the GET and PUT calls while retrieving booking ID response"]]>
              </value>
            </param>
            <param index="1">
              <value>
                <![CDATA["Validate various scenarios for the PUT call while modifying existing booking info of the Restful Booker API"]]>
              </value>
            </param>
          </params>
          <reporter-output>
          </reporter-output>
        </test-method> <!-- feature -->
        <test-method signature="feature(io.cucumber.testng.PickleWrapper, io.cucumber.testng.FeatureWrapper)[pri:0, instance:org.TestRunFile.TestRunner@a74868d]" started-at="2023-08-12T12:06:10Z" name="feature" description="Runs cucumber feature" data-provider="features" finished-at="2023-08-12T12:06:13Z" duration-ms="2415" status="PASS">
          <params>
            <param index="0">
              <value>
                <![CDATA["Validate the status code of the GET and PUT calls while retrieving booking ID response"]]>
              </value>
            </param>
            <param index="1">
              <value>
                <![CDATA["Validate various scenarios for the PUT call while modifying existing booking info of the Restful Booker API"]]>
              </value>
            </param>
          </params>
          <reporter-output>
          </reporter-output>
        </test-method> <!-- feature -->
        <test-method signature="feature(io.cucumber.testng.PickleWrapper, io.cucumber.testng.FeatureWrapper)[pri:0, instance:org.TestRunFile.TestRunner@a74868d]" started-at="2023-08-12T12:06:13Z" name="feature" description="Runs cucumber feature" data-provider="features" finished-at="2023-08-12T12:06:15Z" duration-ms="2386" status="PASS">
          <params>
            <param index="0">
              <value>
                <![CDATA["Validate the status code of the GET and PUT calls while retrieving booking ID response"]]>
              </value>
            </param>
            <param index="1">
              <value>
                <![CDATA["Validate various scenarios for the PUT call while modifying existing booking info of the Restful Booker API"]]>
              </value>
            </param>
          </params>
          <reporter-output>
          </reporter-output>
        </test-method> <!-- feature -->
        <test-method signature="feature(io.cucumber.testng.PickleWrapper, io.cucumber.testng.FeatureWrapper)[pri:0, instance:org.TestRunFile.TestRunner@a74868d]" started-at="2023-08-12T12:06:15Z" name="feature" description="Runs cucumber feature" data-provider="features" finished-at="2023-08-12T12:06:17Z" duration-ms="2382" status="PASS">
          <params>
            <param index="0">
              <value>
                <![CDATA["Validate the status code of the GET and PUT calls while retrieving booking ID response"]]>
              </value>
            </param>
            <param index="1">
              <value>
                <![CDATA["Validate various scenarios for the PUT call while modifying existing booking info of the Restful Booker API"]]>
              </value>
            </param>
          </params>
          <reporter-output>
          </reporter-output>
        </test-method> <!-- feature -->
        <test-method signature="feature(io.cucumber.testng.PickleWrapper, io.cucumber.testng.FeatureWrapper)[pri:0, instance:org.TestRunFile.TestRunner@a74868d]" started-at="2023-08-12T12:06:17Z" name="feature" description="Runs cucumber feature" data-provider="features" finished-at="2023-08-12T12:06:20Z" duration-ms="2389" status="PASS">
          <params>
            <param index="0">
              <value>
                <![CDATA["Validate the status code of the GET and PUT calls while retrieving booking ID response"]]>
              </value>
            </param>
            <param index="1">
              <value>
                <![CDATA["Validate various scenarios for the PUT call while modifying existing booking info of the Restful Booker API"]]>
              </value>
            </param>
          </params>
          <reporter-output>
          </reporter-output>
        </test-method> <!-- feature -->
        <test-method signature="feature(io.cucumber.testng.PickleWrapper, io.cucumber.testng.FeatureWrapper)[pri:0, instance:org.TestRunFile.TestRunner@a74868d]" started-at="2023-08-12T12:06:20Z" name="feature" description="Runs cucumber feature" data-provider="features" finished-at="2023-08-12T12:06:22Z" duration-ms="2388" status="PASS">
          <params>
            <param index="0">
              <value>
                <![CDATA["Validate the status code of the GET and PUT calls while retrieving booking ID response"]]>
              </value>
            </param>
            <param index="1">
              <value>
                <![CDATA["Validate various scenarios for the PUT call while modifying existing booking info of the Restful Booker API"]]>
              </value>
            </param>
          </params>
          <reporter-output>
          </reporter-output>
        </test-method> <!-- feature -->
        <test-method signature="feature(io.cucumber.testng.PickleWrapper, io.cucumber.testng.FeatureWrapper)[pri:0, instance:org.TestRunFile.TestRunner@a74868d]" started-at="2023-08-12T12:06:22Z" name="feature" description="Runs cucumber feature" data-provider="features" finished-at="2023-08-12T12:06:25Z" duration-ms="2387" status="PASS">
          <params>
            <param index="0">
              <value>
                <![CDATA["Validate the status code of the GET and PUT calls while retrieving booking ID response"]]>
              </value>
            </param>
            <param index="1">
              <value>
                <![CDATA["Validate various scenarios for the PUT call while modifying existing booking info of the Restful Booker API"]]>
              </value>
            </param>
          </params>
          <reporter-output>
          </reporter-output>
        </test-method> <!-- feature -->
        <test-method signature="feature(io.cucumber.testng.PickleWrapper, io.cucumber.testng.FeatureWrapper)[pri:0, instance:org.TestRunFile.TestRunner@a74868d]" started-at="2023-08-12T12:06:25Z" name="feature" description="Runs cucumber feature" data-provider="features" finished-at="2023-08-12T12:06:27Z" duration-ms="2390" status="PASS">
          <params>
            <param index="0">
              <value>
                <![CDATA["Validate the status code of the GET and PUT calls while retrieving booking ID response"]]>
              </value>
            </param>
            <param index="1">
              <value>
                <![CDATA["Validate various scenarios for the PUT call while modifying existing booking info of the Restful Booker API"]]>
              </value>
            </param>
          </params>
          <reporter-output>
          </reporter-output>
        </test-method> <!-- feature -->
        <test-method signature="feature(io.cucumber.testng.PickleWrapper, io.cucumber.testng.FeatureWrapper)[pri:0, instance:org.TestRunFile.TestRunner@a74868d]" started-at="2023-08-12T12:06:27Z" name="feature" description="Runs cucumber feature" data-provider="features" finished-at="2023-08-12T12:06:29Z" duration-ms="2368" status="PASS">
          <params>
            <param index="0">
              <value>
                <![CDATA["Validate the status code of the GET and PUT calls while retrieving booking ID response"]]>
              </value>
            </param>
            <param index="1">
              <value>
                <![CDATA["Validate various scenarios for the PUT call while modifying existing booking info of the Restful Booker API"]]>
              </value>
            </param>
          </params>
          <reporter-output>
          </reporter-output>
        </test-method> <!-- feature -->
        <test-method signature="feature(io.cucumber.testng.PickleWrapper, io.cucumber.testng.FeatureWrapper)[pri:0, instance:org.TestRunFile.TestRunner@a74868d]" started-at="2023-08-12T12:06:29Z" name="feature" description="Runs cucumber feature" data-provider="features" finished-at="2023-08-12T12:06:32Z" duration-ms="2371" status="PASS">
          <params>
            <param index="0">
              <value>
                <![CDATA["Validate the status code of the GET and PUT calls while retrieving booking ID response"]]>
              </value>
            </param>
            <param index="1">
              <value>
                <![CDATA["Validate various scenarios for the PUT call while modifying existing booking info of the Restful Booker API"]]>
              </value>
            </param>
          </params>
          <reporter-output>
          </reporter-output>
        </test-method> <!-- feature -->
        <test-method signature="feature(io.cucumber.testng.PickleWrapper, io.cucumber.testng.FeatureWrapper)[pri:0, instance:org.TestRunFile.TestRunner@a74868d]" started-at="2023-08-12T12:06:32Z" name="feature" description="Runs cucumber feature" data-provider="features" finished-at="2023-08-12T12:06:34Z" duration-ms="2391" status="PASS">
          <params>
            <param index="0">
              <value>
                <![CDATA["Validate the status code of the GET and PUT calls while retrieving booking ID response"]]>
              </value>
            </param>
            <param index="1">
              <value>
                <![CDATA["Validate various scenarios for the PUT call while modifying existing booking info of the Restful Booker API"]]>
              </value>
            </param>
          </params>
          <reporter-output>
          </reporter-output>
        </test-method> <!-- feature -->
        <test-method signature="feature(io.cucumber.testng.PickleWrapper, io.cucumber.testng.FeatureWrapper)[pri:0, instance:org.TestRunFile.TestRunner@a74868d]" started-at="2023-08-12T12:06:34Z" name="feature" description="Runs cucumber feature" data-provider="features" finished-at="2023-08-12T12:06:37Z" duration-ms="2394" status="PASS">
          <params>
            <param index="0">
              <value>
                <![CDATA["Validate the status code of the GET and PUT calls based on modified names while retrieving booking ID response"]]>
              </value>
            </param>
            <param index="1">
              <value>
                <![CDATA["Validate various scenarios for the PUT call while modifying existing booking info of the Restful Booker API"]]>
              </value>
            </param>
          </params>
          <reporter-output>
          </reporter-output>
        </test-method> <!-- feature -->
        <test-method signature="feature(io.cucumber.testng.PickleWrapper, io.cucumber.testng.FeatureWrapper)[pri:0, instance:org.TestRunFile.TestRunner@a74868d]" started-at="2023-08-12T12:06:37Z" name="feature" description="Runs cucumber feature" data-provider="features" finished-at="2023-08-12T12:06:39Z" duration-ms="2384" status="PASS">
          <params>
            <param index="0">
              <value>
                <![CDATA["Validate the status code of the GET and PUT calls based on modified names while retrieving booking ID response"]]>
              </value>
            </param>
            <param index="1">
              <value>
                <![CDATA["Validate various scenarios for the PUT call while modifying existing booking info of the Restful Booker API"]]>
              </value>
            </param>
          </params>
          <reporter-output>
          </reporter-output>
        </test-method> <!-- feature -->
        <test-method signature="feature(io.cucumber.testng.PickleWrapper, io.cucumber.testng.FeatureWrapper)[pri:0, instance:org.TestRunFile.TestRunner@a74868d]" started-at="2023-08-12T12:06:39Z" name="feature" description="Runs cucumber feature" data-provider="features" finished-at="2023-08-12T12:06:41Z" duration-ms="2396" status="PASS">
          <params>
            <param index="0">
              <value>
                <![CDATA["Validate the status code of the GET and PUT calls based on modified names while retrieving booking ID response"]]>
              </value>
            </param>
            <param index="1">
              <value>
                <![CDATA["Validate various scenarios for the PUT call while modifying existing booking info of the Restful Booker API"]]>
              </value>
            </param>
          </params>
          <reporter-output>
          </reporter-output>
        </test-method> <!-- feature -->
        <test-method signature="feature(io.cucumber.testng.PickleWrapper, io.cucumber.testng.FeatureWrapper)[pri:0, instance:org.TestRunFile.TestRunner@a74868d]" started-at="2023-08-12T12:06:41Z" name="feature" description="Runs cucumber feature" data-provider="features" finished-at="2023-08-12T12:06:44Z" duration-ms="2379" status="PASS">
          <params>
            <param index="0">
              <value>
                <![CDATA["Validate the status code of the GET and PUT calls based on modified names while retrieving booking ID response"]]>
              </value>
            </param>
            <param index="1">
              <value>
                <![CDATA["Validate various scenarios for the PUT call while modifying existing booking info of the Restful Booker API"]]>
              </value>
            </param>
          </params>
          <reporter-output>
          </reporter-output>
        </test-method> <!-- feature -->
        <test-method signature="feature(io.cucumber.testng.PickleWrapper, io.cucumber.testng.FeatureWrapper)[pri:0, instance:org.TestRunFile.TestRunner@a74868d]" started-at="2023-08-12T12:06:44Z" name="feature" description="Runs cucumber feature" data-provider="features" finished-at="2023-08-12T12:06:45Z" duration-ms="1182" status="PASS">
          <params>
            <param index="0">
              <value>
                <![CDATA["Validate the status code of the GET call while retrieving booking ID response"]]>
              </value>
            </param>
            <param index="1">
              <value>
                <![CDATA["Validate various scenarios for the GET call while retrieving booking ID of the Restful Booker API"]]>
              </value>
            </param>
          </params>
          <reporter-output>
          </reporter-output>
        </test-method> <!-- feature -->
        <test-method signature="feature(io.cucumber.testng.PickleWrapper, io.cucumber.testng.FeatureWrapper)[pri:0, instance:org.TestRunFile.TestRunner@a74868d]" started-at="2023-08-12T12:06:45Z" name="feature" description="Runs cucumber feature" data-provider="features" finished-at="2023-08-12T12:06:46Z" duration-ms="1200" status="PASS">
          <params>
            <param index="0">
              <value>
                <![CDATA["Validate the status code of the GET call while retrieving booking ID response"]]>
              </value>
            </param>
            <param index="1">
              <value>
                <![CDATA["Validate various scenarios for the GET call while retrieving booking ID of the Restful Booker API"]]>
              </value>
            </param>
          </params>
          <reporter-output>
          </reporter-output>
        </test-method> <!-- feature -->
        <test-method signature="feature(io.cucumber.testng.PickleWrapper, io.cucumber.testng.FeatureWrapper)[pri:0, instance:org.TestRunFile.TestRunner@a74868d]" started-at="2023-08-12T12:06:46Z" name="feature" description="Runs cucumber feature" data-provider="features" finished-at="2023-08-12T12:06:47Z" duration-ms="1177" status="PASS">
          <params>
            <param index="0">
              <value>
                <![CDATA["Validate the status code of the GET call while retrieving booking ID response"]]>
              </value>
            </param>
            <param index="1">
              <value>
                <![CDATA["Validate various scenarios for the GET call while retrieving booking ID of the Restful Booker API"]]>
              </value>
            </param>
          </params>
          <reporter-output>
          </reporter-output>
        </test-method> <!-- feature -->
        <test-method signature="feature(io.cucumber.testng.PickleWrapper, io.cucumber.testng.FeatureWrapper)[pri:0, instance:org.TestRunFile.TestRunner@a74868d]" started-at="2023-08-12T12:06:47Z" name="feature" description="Runs cucumber feature" data-provider="features" finished-at="2023-08-12T12:06:48Z" duration-ms="1187" status="PASS">
          <params>
            <param index="0">
              <value>
                <![CDATA["Validate the status line message of the GET call while retrieving booking ID response"]]>
              </value>
            </param>
            <param index="1">
              <value>
                <![CDATA["Validate various scenarios for the GET call while retrieving booking ID of the Restful Booker API"]]>
              </value>
            </param>
          </params>
          <reporter-output>
          </reporter-output>
        </test-method> <!-- feature -->
        <test-method signature="feature(io.cucumber.testng.PickleWrapper, io.cucumber.testng.FeatureWrapper)[pri:0, instance:org.TestRunFile.TestRunner@a74868d]" started-at="2023-08-12T12:06:48Z" name="feature" description="Runs cucumber feature" data-provider="features" finished-at="2023-08-12T12:06:50Z" duration-ms="1182" status="PASS">
          <params>
            <param index="0">
              <value>
                <![CDATA["Validate the status line message of the GET call while retrieving booking ID response"]]>
              </value>
            </param>
            <param index="1">
              <value>
                <![CDATA["Validate various scenarios for the GET call while retrieving booking ID of the Restful Booker API"]]>
              </value>
            </param>
          </params>
          <reporter-output>
          </reporter-output>
        </test-method> <!-- feature -->
        <test-method signature="feature(io.cucumber.testng.PickleWrapper, io.cucumber.testng.FeatureWrapper)[pri:0, instance:org.TestRunFile.TestRunner@a74868d]" started-at="2023-08-12T12:06:50Z" name="feature" description="Runs cucumber feature" data-provider="features" finished-at="2023-08-12T12:06:51Z" duration-ms="1214" status="PASS">
          <params>
            <param index="0">
              <value>
                <![CDATA["Validate the status line message of the GET call while retrieving booking ID response"]]>
              </value>
            </param>
            <param index="1">
              <value>
                <![CDATA["Validate various scenarios for the GET call while retrieving booking ID of the Restful Booker API"]]>
              </value>
            </param>
          </params>
          <reporter-output>
          </reporter-output>
        </test-method> <!-- feature -->
        <test-method signature="feature(io.cucumber.testng.PickleWrapper, io.cucumber.testng.FeatureWrapper)[pri:0, instance:org.TestRunFile.TestRunner@a74868d]" started-at="2023-08-12T12:06:51Z" name="feature" description="Runs cucumber feature" data-provider="features" finished-at="2023-08-12T12:06:52Z" duration-ms="1176" status="PASS">
          <params>
            <param index="0">
              <value>
                <![CDATA["Validate the time taken for GET call while retrieving booking ID info"]]>
              </value>
            </param>
            <param index="1">
              <value>
                <![CDATA["Validate various scenarios for the GET call while retrieving booking ID of the Restful Booker API"]]>
              </value>
            </param>
          </params>
          <reporter-output>
          </reporter-output>
        </test-method> <!-- feature -->
        <test-method signature="feature(io.cucumber.testng.PickleWrapper, io.cucumber.testng.FeatureWrapper)[pri:0, instance:org.TestRunFile.TestRunner@a74868d]" started-at="2023-08-12T12:06:52Z" name="feature" description="Runs cucumber feature" data-provider="features" finished-at="2023-08-12T12:06:53Z" duration-ms="1195" status="PASS">
          <params>
            <param index="0">
              <value>
                <![CDATA["Validate the time taken for GET call while retrieving booking ID info"]]>
              </value>
            </param>
            <param index="1">
              <value>
                <![CDATA["Validate various scenarios for the GET call while retrieving booking ID of the Restful Booker API"]]>
              </value>
            </param>
          </params>
          <reporter-output>
          </reporter-output>
        </test-method> <!-- feature -->
        <test-method signature="feature(io.cucumber.testng.PickleWrapper, io.cucumber.testng.FeatureWrapper)[pri:0, instance:org.TestRunFile.TestRunner@a74868d]" started-at="2023-08-12T12:06:53Z" name="feature" description="Runs cucumber feature" data-provider="features" finished-at="2023-08-12T12:06:54Z" duration-ms="1197" status="PASS">
          <params>
            <param index="0">
              <value>
                <![CDATA["Validate the time taken for GET call while retrieving booking ID info"]]>
              </value>
            </param>
            <param index="1">
              <value>
                <![CDATA["Validate various scenarios for the GET call while retrieving booking ID of the Restful Booker API"]]>
              </value>
            </param>
          </params>
          <reporter-output>
          </reporter-output>
        </test-method> <!-- feature -->
        <test-method signature="feature(io.cucumber.testng.PickleWrapper, io.cucumber.testng.FeatureWrapper)[pri:0, instance:org.TestRunFile.TestRunner@a74868d]" started-at="2023-08-12T12:06:54Z" name="feature" description="Runs cucumber feature" data-provider="features" finished-at="2023-08-12T12:06:56Z" duration-ms="1282" status="PASS">
          <params>
            <param index="0">
              <value>
                <![CDATA["Validate the datatype of the date fields is Date in the booking info"]]>
              </value>
            </param>
            <param index="1">
              <value>
                <![CDATA["Validate various scenarios for the GET call while retrieving booking ID of the Restful Booker API"]]>
              </value>
            </param>
          </params>
          <reporter-output>
          </reporter-output>
        </test-method> <!-- feature -->
        <test-method signature="feature(io.cucumber.testng.PickleWrapper, io.cucumber.testng.FeatureWrapper)[pri:0, instance:org.TestRunFile.TestRunner@a74868d]" started-at="2023-08-12T12:06:56Z" name="feature" description="Runs cucumber feature" data-provider="features" finished-at="2023-08-12T12:06:57Z" duration-ms="1227" status="PASS">
          <params>
            <param index="0">
              <value>
                <![CDATA["Validate the datatype of the date fields is Date in the booking info"]]>
              </value>
            </param>
            <param index="1">
              <value>
                <![CDATA["Validate various scenarios for the GET call while retrieving booking ID of the Restful Booker API"]]>
              </value>
            </param>
          </params>
          <reporter-output>
          </reporter-output>
        </test-method> <!-- feature -->
        <test-method signature="feature(io.cucumber.testng.PickleWrapper, io.cucumber.testng.FeatureWrapper)[pri:0, instance:org.TestRunFile.TestRunner@a74868d]" started-at="2023-08-12T12:06:57Z" name="feature" description="Runs cucumber feature" data-provider="features" finished-at="2023-08-12T12:06:58Z" duration-ms="1236" status="PASS">
          <params>
            <param index="0">
              <value>
                <![CDATA["Validate the datatype of the date fields is Date in the booking info"]]>
              </value>
            </param>
            <param index="1">
              <value>
                <![CDATA["Validate various scenarios for the GET call while retrieving booking ID of the Restful Booker API"]]>
              </value>
            </param>
          </params>
          <reporter-output>
          </reporter-output>
        </test-method> <!-- feature -->
        <test-method signature="feature(io.cucumber.testng.PickleWrapper, io.cucumber.testng.FeatureWrapper)[pri:0, instance:org.TestRunFile.TestRunner@a74868d]" started-at="2023-08-12T12:06:58Z" name="feature" description="Runs cucumber feature" data-provider="features" finished-at="2023-08-12T12:06:59Z" duration-ms="1194" status="PASS">
          <params>
            <param index="0">
              <value>
                <![CDATA["Validate the status code of the GET call while retrieving booking ID response"]]>
              </value>
            </param>
            <param index="1">
              <value>
                <![CDATA["Validate various scenarios for the GET call while retrieving booking IDs based on CheckIn and CheckOut of the Restful Booker API"]]>
              </value>
            </param>
          </params>
          <reporter-output>
          </reporter-output>
        </test-method> <!-- feature -->
        <test-method signature="feature(io.cucumber.testng.PickleWrapper, io.cucumber.testng.FeatureWrapper)[pri:0, instance:org.TestRunFile.TestRunner@a74868d]" started-at="2023-08-12T12:06:59Z" name="feature" description="Runs cucumber feature" data-provider="features" finished-at="2023-08-12T12:07:01Z" duration-ms="1519" status="PASS">
          <params>
            <param index="0">
              <value>
                <![CDATA["Validate the status code of the GET call while retrieving booking ID response"]]>
              </value>
            </param>
            <param index="1">
              <value>
                <![CDATA["Validate various scenarios for the GET call while retrieving booking IDs based on CheckIn and CheckOut of the Restful Booker API"]]>
              </value>
            </param>
          </params>
          <reporter-output>
          </reporter-output>
        </test-method> <!-- feature -->
        <test-method signature="feature(io.cucumber.testng.PickleWrapper, io.cucumber.testng.FeatureWrapper)[pri:0, instance:org.TestRunFile.TestRunner@a74868d]" started-at="2023-08-12T12:07:01Z" name="feature" description="Runs cucumber feature" data-provider="features" finished-at="2023-08-12T12:07:02Z" duration-ms="1231" status="PASS">
          <params>
            <param index="0">
              <value>
                <![CDATA["Validate the status code of the GET call while retrieving booking ID response"]]>
              </value>
            </param>
            <param index="1">
              <value>
                <![CDATA["Validate various scenarios for the GET call while retrieving booking IDs based on CheckIn and CheckOut of the Restful Booker API"]]>
              </value>
            </param>
          </params>
          <reporter-output>
          </reporter-output>
        </test-method> <!-- feature -->
        <test-method signature="feature(io.cucumber.testng.PickleWrapper, io.cucumber.testng.FeatureWrapper)[pri:0, instance:org.TestRunFile.TestRunner@a74868d]" started-at="2023-08-12T12:07:02Z" name="feature" description="Runs cucumber feature" data-provider="features" finished-at="2023-08-12T12:07:03Z" duration-ms="1190" status="PASS">
          <params>
            <param index="0">
              <value>
                <![CDATA["Validate the status code of the GET call while retrieving booking ID response"]]>
              </value>
            </param>
            <param index="1">
              <value>
                <![CDATA["Validate various scenarios for the GET call while retrieving booking IDs based on CheckIn and CheckOut of the Restful Booker API"]]>
              </value>
            </param>
          </params>
          <reporter-output>
          </reporter-output>
        </test-method> <!-- feature -->
        <test-method signature="feature(io.cucumber.testng.PickleWrapper, io.cucumber.testng.FeatureWrapper)[pri:0, instance:org.TestRunFile.TestRunner@a74868d]" started-at="2023-08-12T12:07:03Z" name="feature" description="Runs cucumber feature" data-provider="features" finished-at="2023-08-12T12:07:05Z" duration-ms="1201" status="PASS">
          <params>
            <param index="0">
              <value>
                <![CDATA["Validate the status line message of the GET call while retrieving booking ID response"]]>
              </value>
            </param>
            <param index="1">
              <value>
                <![CDATA["Validate various scenarios for the GET call while retrieving booking IDs based on CheckIn and CheckOut of the Restful Booker API"]]>
              </value>
            </param>
          </params>
          <reporter-output>
          </reporter-output>
        </test-method> <!-- feature -->
        <test-method signature="feature(io.cucumber.testng.PickleWrapper, io.cucumber.testng.FeatureWrapper)[pri:0, instance:org.TestRunFile.TestRunner@a74868d]" started-at="2023-08-12T12:07:05Z" name="feature" description="Runs cucumber feature" data-provider="features" finished-at="2023-08-12T12:07:06Z" duration-ms="1458" status="PASS">
          <params>
            <param index="0">
              <value>
                <![CDATA["Validate the status line message of the GET call while retrieving booking ID response"]]>
              </value>
            </param>
            <param index="1">
              <value>
                <![CDATA["Validate various scenarios for the GET call while retrieving booking IDs based on CheckIn and CheckOut of the Restful Booker API"]]>
              </value>
            </param>
          </params>
          <reporter-output>
          </reporter-output>
        </test-method> <!-- feature -->
        <test-method signature="feature(io.cucumber.testng.PickleWrapper, io.cucumber.testng.FeatureWrapper)[pri:0, instance:org.TestRunFile.TestRunner@a74868d]" started-at="2023-08-12T12:07:06Z" name="feature" description="Runs cucumber feature" data-provider="features" finished-at="2023-08-12T12:07:07Z" duration-ms="1215" status="PASS">
          <params>
            <param index="0">
              <value>
                <![CDATA["Validate the status line message of the GET call while retrieving booking ID response"]]>
              </value>
            </param>
            <param index="1">
              <value>
                <![CDATA["Validate various scenarios for the GET call while retrieving booking IDs based on CheckIn and CheckOut of the Restful Booker API"]]>
              </value>
            </param>
          </params>
          <reporter-output>
          </reporter-output>
        </test-method> <!-- feature -->
        <test-method signature="feature(io.cucumber.testng.PickleWrapper, io.cucumber.testng.FeatureWrapper)[pri:0, instance:org.TestRunFile.TestRunner@a74868d]" started-at="2023-08-12T12:07:07Z" name="feature" description="Runs cucumber feature" data-provider="features" finished-at="2023-08-12T12:07:08Z" duration-ms="1202" status="PASS">
          <params>
            <param index="0">
              <value>
                <![CDATA["Validate the status line message of the GET call while retrieving booking ID response"]]>
              </value>
            </param>
            <param index="1">
              <value>
                <![CDATA["Validate various scenarios for the GET call while retrieving booking IDs based on CheckIn and CheckOut of the Restful Booker API"]]>
              </value>
            </param>
          </params>
          <reporter-output>
          </reporter-output>
        </test-method> <!-- feature -->
        <test-method signature="feature(io.cucumber.testng.PickleWrapper, io.cucumber.testng.FeatureWrapper)[pri:0, instance:org.TestRunFile.TestRunner@a74868d]" started-at="2023-08-12T12:07:08Z" name="feature" description="Runs cucumber feature" data-provider="features" finished-at="2023-08-12T12:07:10Z" duration-ms="1189" status="PASS">
          <params>
            <param index="0">
              <value>
                <![CDATA["Validate the time taken for GET call while retrieving booking ID info"]]>
              </value>
            </param>
            <param index="1">
              <value>
                <![CDATA["Validate various scenarios for the GET call while retrieving booking IDs based on CheckIn and CheckOut of the Restful Booker API"]]>
              </value>
            </param>
          </params>
          <reporter-output>
          </reporter-output>
        </test-method> <!-- feature -->
        <test-method signature="feature(io.cucumber.testng.PickleWrapper, io.cucumber.testng.FeatureWrapper)[pri:0, instance:org.TestRunFile.TestRunner@a74868d]" started-at="2023-08-12T12:07:10Z" name="feature" description="Runs cucumber feature" data-provider="features" finished-at="2023-08-12T12:07:11Z" duration-ms="1458" status="PASS">
          <params>
            <param index="0">
              <value>
                <![CDATA["Validate the time taken for GET call while retrieving booking ID info"]]>
              </value>
            </param>
            <param index="1">
              <value>
                <![CDATA["Validate various scenarios for the GET call while retrieving booking IDs based on CheckIn and CheckOut of the Restful Booker API"]]>
              </value>
            </param>
          </params>
          <reporter-output>
          </reporter-output>
        </test-method> <!-- feature -->
        <test-method signature="feature(io.cucumber.testng.PickleWrapper, io.cucumber.testng.FeatureWrapper)[pri:0, instance:org.TestRunFile.TestRunner@a74868d]" started-at="2023-08-12T12:07:11Z" name="feature" description="Runs cucumber feature" data-provider="features" finished-at="2023-08-12T12:07:12Z" duration-ms="1227" status="PASS">
          <params>
            <param index="0">
              <value>
                <![CDATA["Validate the time taken for GET call while retrieving booking ID info"]]>
              </value>
            </param>
            <param index="1">
              <value>
                <![CDATA["Validate various scenarios for the GET call while retrieving booking IDs based on CheckIn and CheckOut of the Restful Booker API"]]>
              </value>
            </param>
          </params>
          <reporter-output>
          </reporter-output>
        </test-method> <!-- feature -->
        <test-method signature="feature(io.cucumber.testng.PickleWrapper, io.cucumber.testng.FeatureWrapper)[pri:0, instance:org.TestRunFile.TestRunner@a74868d]" started-at="2023-08-12T12:07:12Z" name="feature" description="Runs cucumber feature" data-provider="features" finished-at="2023-08-12T12:07:13Z" duration-ms="1182" status="PASS">
          <params>
            <param index="0">
              <value>
                <![CDATA["Validate the time taken for GET call while retrieving booking ID info"]]>
              </value>
            </param>
            <param index="1">
              <value>
                <![CDATA["Validate various scenarios for the GET call while retrieving booking IDs based on CheckIn and CheckOut of the Restful Booker API"]]>
              </value>
            </param>
          </params>
          <reporter-output>
          </reporter-output>
        </test-method> <!-- feature -->
        <test-method signature="feature(io.cucumber.testng.PickleWrapper, io.cucumber.testng.FeatureWrapper)[pri:0, instance:org.TestRunFile.TestRunner@a74868d]" started-at="2023-08-12T12:07:13Z" name="feature" description="Runs cucumber feature" data-provider="features" finished-at="2023-08-12T12:07:16Z" duration-ms="2889" status="PASS">
          <params>
            <param index="0">
              <value>
                <![CDATA["Validate the count of Booking IDs and list out all the Booking IDs from the JSON response"]]>
              </value>
            </param>
            <param index="1">
              <value>
                <![CDATA["Validate various scenarios for the GET call while retrieving booking IDs based on CheckIn and CheckOut of the Restful Booker API"]]>
              </value>
            </param>
          </params>
          <reporter-output>
          </reporter-output>
        </test-method> <!-- feature -->
        <test-method signature="feature(io.cucumber.testng.PickleWrapper, io.cucumber.testng.FeatureWrapper)[pri:0, instance:org.TestRunFile.TestRunner@a74868d]" started-at="2023-08-12T12:07:16Z" name="feature" description="Runs cucumber feature" data-provider="features" finished-at="2023-08-12T12:07:19Z" duration-ms="2908" status="PASS">
          <params>
            <param index="0">
              <value>
                <![CDATA["Validate the count of Booking IDs and list out all the Booking IDs from the JSON response"]]>
              </value>
            </param>
            <param index="1">
              <value>
                <![CDATA["Validate various scenarios for the GET call while retrieving booking IDs based on CheckIn and CheckOut of the Restful Booker API"]]>
              </value>
            </param>
          </params>
          <reporter-output>
          </reporter-output>
        </test-method> <!-- feature -->
        <test-method signature="feature(io.cucumber.testng.PickleWrapper, io.cucumber.testng.FeatureWrapper)[pri:0, instance:org.TestRunFile.TestRunner@a74868d]" started-at="2023-08-12T12:07:19Z" name="feature" description="Runs cucumber feature" data-provider="features" finished-at="2023-08-12T12:07:22Z" duration-ms="2965" status="PASS">
          <params>
            <param index="0">
              <value>
                <![CDATA["Validate the count of Booking IDs and list out all the Booking IDs from the JSON response"]]>
              </value>
            </param>
            <param index="1">
              <value>
                <![CDATA["Validate various scenarios for the GET call while retrieving booking IDs based on CheckIn and CheckOut of the Restful Booker API"]]>
              </value>
            </param>
          </params>
          <reporter-output>
          </reporter-output>
        </test-method> <!-- feature -->
        <test-method signature="feature(io.cucumber.testng.PickleWrapper, io.cucumber.testng.FeatureWrapper)[pri:0, instance:org.TestRunFile.TestRunner@a74868d]" started-at="2023-08-12T12:07:22Z" name="feature" description="Runs cucumber feature" data-provider="features" finished-at="2023-08-12T12:07:25Z" duration-ms="2841" status="PASS">
          <params>
            <param index="0">
              <value>
                <![CDATA["Validate the count of Booking IDs and list out all the Booking IDs from the JSON response"]]>
              </value>
            </param>
            <param index="1">
              <value>
                <![CDATA["Validate various scenarios for the GET call while retrieving booking IDs based on CheckIn and CheckOut of the Restful Booker API"]]>
              </value>
            </param>
          </params>
          <reporter-output>
          </reporter-output>
        </test-method> <!-- feature -->
        <test-method signature="feature(io.cucumber.testng.PickleWrapper, io.cucumber.testng.FeatureWrapper)[pri:0, instance:org.TestRunFile.TestRunner@a74868d]" started-at="2023-08-12T12:07:25Z" name="feature" description="Runs cucumber feature" data-provider="features" finished-at="2023-08-12T12:07:27Z" duration-ms="1496" status="PASS">
          <params>
            <param index="0">
              <value>
                <![CDATA["Validate the status code of the GET call while retrieving booking ID response"]]>
              </value>
            </param>
            <param index="1">
              <value>
                <![CDATA["Validate various scenarios for the GET call while retrieving booking IDs of the Restful Booker API"]]>
              </value>
            </param>
          </params>
          <reporter-output>
          </reporter-output>
        </test-method> <!-- feature -->
        <test-method signature="feature(io.cucumber.testng.PickleWrapper, io.cucumber.testng.FeatureWrapper)[pri:0, instance:org.TestRunFile.TestRunner@a74868d]" started-at="2023-08-12T12:07:27Z" name="feature" description="Runs cucumber feature" data-provider="features" finished-at="2023-08-12T12:07:28Z" duration-ms="1494" status="PASS">
          <params>
            <param index="0">
              <value>
                <![CDATA["Validate the status line message of the GET call while retrieving booking ID response"]]>
              </value>
            </param>
            <param index="1">
              <value>
                <![CDATA["Validate various scenarios for the GET call while retrieving booking IDs of the Restful Booker API"]]>
              </value>
            </param>
          </params>
          <reporter-output>
          </reporter-output>
        </test-method> <!-- feature -->
        <test-method signature="feature(io.cucumber.testng.PickleWrapper, io.cucumber.testng.FeatureWrapper)[pri:0, instance:org.TestRunFile.TestRunner@a74868d]" started-at="2023-08-12T12:07:28Z" name="feature" description="Runs cucumber feature" data-provider="features" finished-at="2023-08-12T12:07:30Z" duration-ms="1487" status="PASS">
          <params>
            <param index="0">
              <value>
                <![CDATA["Validate the time taken for GET call while retrieving booking ID info"]]>
              </value>
            </param>
            <param index="1">
              <value>
                <![CDATA["Validate various scenarios for the GET call while retrieving booking IDs of the Restful Booker API"]]>
              </value>
            </param>
          </params>
          <reporter-output>
          </reporter-output>
        </test-method> <!-- feature -->
        <test-method signature="feature(io.cucumber.testng.PickleWrapper, io.cucumber.testng.FeatureWrapper)[pri:0, instance:org.TestRunFile.TestRunner@a74868d]" started-at="2023-08-12T12:07:30Z" name="feature" description="Runs cucumber feature" data-provider="features" finished-at="2023-08-12T12:07:32Z" duration-ms="2887" status="PASS">
          <params>
            <param index="0">
              <value>
                <![CDATA["Validate the count of Booking IDs and list out all the Booking IDs from the JSON response"]]>
              </value>
            </param>
            <param index="1">
              <value>
                <![CDATA["Validate various scenarios for the GET call while retrieving booking IDs of the Restful Booker API"]]>
              </value>
            </param>
          </params>
          <reporter-output>
          </reporter-output>
        </test-method> <!-- feature -->
        <test-method is-config="true" signature="tearDownClass()[pri:0, instance:org.TestRunFile.TestRunner@a74868d]" started-at="2023-08-12T12:07:32Z" name="tearDownClass" finished-at="2023-08-12T12:07:33Z" duration-ms="624" status="PASS">
          <reporter-output>
          </reporter-output>
        </test-method> <!-- tearDownClass -->
      </class> <!-- org.TestRunFile.TestRunner -->
    </test> <!-- Command line test -->
  </suite> <!-- org.TestRunFile.TestRunner -->
</testng-results>
